<?xml version="1.0" encoding="utf-8"?><testsuites name="pytest tests"><testsuite name="pytest" errors="0" failures="0" skipped="0" tests="32" time="27.898" timestamp="2026-03-06T23:07:46.599606+00:00" hostname="agent-env-3fd10073-ef9b-48e7-b5e4-35ca805b539a"><testcase classname="test_ai_features.TestAIFeatures" name="test_smart_reminders_ai" time="19.965" /><testcase classname="test_auth.TestAuth" name="test_register_new_user" time="0.308" /><testcase classname="test_auth.TestAuth" name="test_register_duplicate_email" time="0.337" /><testcase classname="test_auth.TestAuth" name="test_login_success" time="0.325" /><testcase classname="test_auth.TestAuth" name="test_login_invalid_credentials" time="0.278" /><testcase classname="test_auth.TestAuth" name="test_auth_me_endpoint" time="0.104" /><testcase classname="test_auth.TestAuth" name="test_auth_me_without_token" time="0.069" /><testcase classname="test_care_recipients.TestCareRecipients" name="test_create_care_recipient" time="0.124" /><testcase classname="test_care_recipients.TestCareRecipients" name="test_list_care_recipients" time="0.059" /><testcase classname="test_care_recipients.TestCareRecipients" name="test_get_dashboard_stats" time="0.122" /><testcase classname="test_care_recipients.TestCareRecipients" name="test_list_caregivers" time="0.169" /><testcase classname="test_features.TestEmergencyContacts" name="test_create_emergency_contact" time="0.153" /><testcase classname="test_features.TestEmergencyContacts" name="test_list_emergency_contacts" time="0.061" /><testcase classname="test_features.TestAppointments" name="test_create_appointment" time="0.114" /><testcase classname="test_features.TestAppointments" name="test_list_appointments" time="0.056" /><testcase classname="test_features.TestNotes" name="test_create_note" time="0.128" /><testcase classname="test_features.TestNotes" name="test_list_notes" time="0.057" /><testcase classname="test_features.TestIncidents" name="test_log_incident" time="0.133" /><testcase classname="test_features.TestIncidents" name="test_list_incidents" time="0.069" /><testcase classname="test_features.TestBathing" name="test_log_bathing_record" time="0.131" /><testcase classname="test_features.TestBathing" name="test_list_bathing_records" time="0.056" /><testcase classname="test_features.TestNutrition" name="test_log_nutrition" time="0.147" /><testcase classname="test_features.TestNutrition" name="test_list_nutrition_records" time="0.058" /><testcase classname="test_features.TestLegalFinancial" name="test_add_legal_financial_item" time="0.136" /><testcase classname="test_features.TestLegalFinancial" name="test_list_legal_financial_items" time="0.060" /><testcase classname="test_features.TestDailyRoutine" name="test_add_daily_routine" time="0.133" /><testcase classname="test_features.TestDailyRoutine" name="test_list_daily_routines" time="0.058" /><testcase classname="test_features.TestDoctors" name="test_add_doctor" time="0.159" /><testcase classname="test_features.TestDoctors" name="test_list_doctors" time="0.062" /><testcase classname="test_medications.TestMedications" name="test_create_medication" time="0.182" /><testcase classname="test_medications.TestMedications" name="test_list_medications" time="0.063" /><testcase classname="test_medications.TestMedications" name="test_ai_medication_interactions" time="3.952" /></testsuite></testsuites>